<?xml version="1.0" encoding="utf-8"?><testsuites name="pytest tests"><testsuite name="pytest" errors="0" failures="0" skipped="0" tests="8" time="0.880" timestamp="2026-06-03T07:44:55.163083+00:00" hostname="agent-env-2d163314-7812-4c04-891c-d86cda164528"><testcase classname="backend.tests.test_enquiries.TestHealth" name="test_root" time="0.267" /><testcase classname="backend.tests.test_enquiries.TestEnquiriesCreate" name="test_create_enquiry_success_and_persistence" time="0.110" /><testcase classname="backend.tests.test_enquiries.TestEnquiriesCreate" name="test_create_enquiry_minimal_valid_no_phone_no_message" time="0.051" /><testcase classname="backend.tests.test_enquiries.TestEnquiriesCreate" name="test_create_enquiry_child_age_too_low" time="0.045" /><testcase classname="backend.tests.test_enquiries.TestEnquiriesCreate" name="test_create_enquiry_child_age_too_high" time="0.046" /><testcase classname="backend.tests.test_enquiries.TestEnquiriesCreate" name="test_create_enquiry_invalid_email" time="0.048" /><testcase classname="backend.tests.test_enquiries.TestEnquiriesCreate" name="test_create_enquiry_missing_required" time="0.046" /><testcase classname="backend.tests.test_enquiries.TestEnquiriesList" name="test_list_enquiries_returns_list" time="0.047" /></testsuite></testsuites>